Arguments: 
  C:\Program Files\nodejs\node.exe C:\Users\user\AppData\Roaming\npm\node_modules\yarn\bin\yarn.js add 메가박스

PATH: 
  C:\Users\user\Downloads\cmder\vendor\bin;C:\Users\user\Downloads\cmder\vendor\git-for-windows\cmd;C:\Users\user\Downloads\cmder\vendor\conemu-maximus5\ConEmu\Scripts;C:\Users\user\Downloads\cmder\vendor\conemu-maximus5;C:\Users\user\Downloads\cmder\vendor\conemu-maximus5\ConEmu;C:\Windows\system32;C:\Windows;C:\Windows\System32\Wbem;C:\Windows\System32\WindowsPowerShell\v1.0\;C:\Windows\System32\OpenSSH\;C:\Program Files (x86)\NVIDIA Corporation\PhysX\Common;C:\Program Files\NVIDIA Corporation\NVIDIA NvDLISR;C:\Program Files\nodejs\;C:\ProgramData\chocolatey\bin;C:\Users\user\AppData\Local\Microsoft\WindowsApps;C:\Users\user\AppData\Local\atom\bin;C:\Users\user\AppData\Local\Programs\Microsoft VS Code\bin;C:\Users\user\AppData\Local\GitHubDesktop\bin;C:\Users\user\AppData\Local\afreeca;C:\Users\user\AppData\Roaming\npm;C:\Users\user\Downloads\cmder\vendor\git-for-windows\mingw64\bin;C:\Users\user\Downloads\cmder\vendor\git-for-windows\usr\bin;C:\Users\user\Downloads\cmder

Yarn version: 
  1.22.10

Node version: 
  14.16.0

Platform: 
  win32 x64

Trace: 
  TypeError [ERR_UNESCAPED_CHARACTERS]: Request path contains unescaped characters
      at new ClientRequest (_http_client.js:151:13)
      at Object.request (https.js:313:10)
      at Request.module.exports.Request.start (C:\Users\user\AppData\Roaming\npm\node_modules\yarn\lib\cli.js:141224:32)
      at Request.module.exports.Request.end (C:\Users\user\AppData\Roaming\npm\node_modules\yarn\lib\cli.js:141983:10)
      at end (C:\Users\user\AppData\Roaming\npm\node_modules\yarn\lib\cli.js:141037:14)
      at Immediate._onImmediate (C:\Users\user\AppData\Roaming\npm\node_modules\yarn\lib\cli.js:141051:7)
      at processImmediate (internal/timers.js:461:21)

npm manifest: 
  No manifest

yarn manifest: 
  No manifest

Lockfile: 
  No lockfile
